mode: count
github.com/k1s0-platform/system-library-go-distributed-lock/distributedlock.go:47.38,51.2 1 7
github.com/k1s0-platform/system-library-go-distributed-lock/distributedlock.go:53.102,57.73 3 8
github.com/k1s0-platform/system-library-go-distributed-lock/distributedlock.go:57.73,59.3 1 1
github.com/k1s0-platform/system-library-go-distributed-lock/distributedlock.go:62.2,63.16 2 7
github.com/k1s0-platform/system-library-go-distributed-lock/distributedlock.go:63.16,65.3 1 0
github.com/k1s0-platform/system-library-go-distributed-lock/distributedlock.go:66.2,70.48 2 7
github.com/k1s0-platform/system-library-go-distributed-lock/distributedlock.go:73.75,78.9 4 3
github.com/k1s0-platform/system-library-go-distributed-lock/distributedlock.go:78.9,80.3 1 1
github.com/k1s0-platform/system-library-go-distributed-lock/distributedlock.go:81.2,81.32 1 2
github.com/k1s0-platform/system-library-go-distributed-lock/distributedlock.go:81.32,83.3 1 1
github.com/k1s0-platform/system-library-go-distributed-lock/distributedlock.go:84.2,85.12 2 1
github.com/k1s0-platform/system-library-go-distributed-lock/distributedlock.go:88.78,93.46 4 3
github.com/k1s0-platform/system-library-go-distributed-lock/distributedlock.go:93.46,95.3 1 2
github.com/k1s0-platform/system-library-go-distributed-lock/distributedlock.go:96.2,96.18 1 1
github.com/k1s0-platform/system-library-go-distributed-lock/distributedlock.go:101.38,103.40 2 13
github.com/k1s0-platform/system-library-go-distributed-lock/distributedlock.go:103.40,105.3 1 0
github.com/k1s0-platform/system-library-go-distributed-lock/distributedlock.go:106.2,106.35 1 13
github.com/k1s0-platform/system-library-go-distributed-lock/postgres_lock.go:37.63,38.31 1 3
github.com/k1s0-platform/system-library-go-distributed-lock/postgres_lock.go:38.31,40.3 1 3
github.com/k1s0-platform/system-library-go-distributed-lock/postgres_lock.go:44.76,50.27 2 20
github.com/k1s0-platform/system-library-go-distributed-lock/postgres_lock.go:50.27,52.3 1 3
github.com/k1s0-platform/system-library-go-distributed-lock/postgres_lock.go:53.2,53.10 1 20
github.com/k1s0-platform/system-library-go-distributed-lock/postgres_lock.go:58.92,60.16 2 1
github.com/k1s0-platform/system-library-go-distributed-lock/postgres_lock.go:60.16,62.3 1 0
github.com/k1s0-platform/system-library-go-distributed-lock/postgres_lock.go:63.2,66.42 4 1
github.com/k1s0-platform/system-library-go-distributed-lock/postgres_lock.go:69.51,71.2 1 17
github.com/k1s0-platform/system-library-go-distributed-lock/postgres_lock.go:76.102,80.16 3 6
github.com/k1s0-platform/system-library-go-distributed-lock/postgres_lock.go:80.16,82.3 1 0
github.com/k1s0-platform/system-library-go-distributed-lock/postgres_lock.go:85.2,86.16 2 6
github.com/k1s0-platform/system-library-go-distributed-lock/postgres_lock.go:86.16,88.3 1 1
github.com/k1s0-platform/system-library-go-distributed-lock/postgres_lock.go:90.2,92.16 3 4
github.com/k1s0-platform/system-library-go-distributed-lock/postgres_lock.go:92.16,95.3 2 1
github.com/k1s0-platform/system-library-go-distributed-lock/postgres_lock.go:96.2,96.15 1 3
github.com/k1s0-platform/system-library-go-distributed-lock/postgres_lock.go:96.15,99.3 2 1
github.com/k1s0-platform/system-library-go-distributed-lock/postgres_lock.go:102.2,106.48 4 2
github.com/k1s0-platform/system-library-go-distributed-lock/postgres_lock.go:110.77,115.9 4 4
github.com/k1s0-platform/system-library-go-distributed-lock/postgres_lock.go:115.9,118.3 2 1
github.com/k1s0-platform/system-library-go-distributed-lock/postgres_lock.go:119.2,119.32 1 3
github.com/k1s0-platform/system-library-go-distributed-lock/postgres_lock.go:119.32,122.3 2 1
github.com/k1s0-platform/system-library-go-distributed-lock/postgres_lock.go:123.2,130.16 6 2
github.com/k1s0-platform/system-library-go-distributed-lock/postgres_lock.go:130.16,132.3 1 0
github.com/k1s0-platform/system-library-go-distributed-lock/postgres_lock.go:133.2,133.15 1 2
github.com/k1s0-platform/system-library-go-distributed-lock/postgres_lock.go:133.15,135.3 1 1
github.com/k1s0-platform/system-library-go-distributed-lock/postgres_lock.go:137.2,137.12 1 1
github.com/k1s0-platform/system-library-go-distributed-lock/postgres_lock.go:146.80,157.16 4 3
github.com/k1s0-platform/system-library-go-distributed-lock/postgres_lock.go:157.16,159.3 1 1
github.com/k1s0-platform/system-library-go-distributed-lock/postgres_lock.go:161.2,161.20 1 2
github.com/k1s0-platform/system-library-go-distributed-lock/redis_lock.go:44.52,45.28 1 1
github.com/k1s0-platform/system-library-go-distributed-lock/redis_lock.go:45.28,47.3 1 1
github.com/k1s0-platform/system-library-go-distributed-lock/redis_lock.go:51.77,56.27 2 16
github.com/k1s0-platform/system-library-go-distributed-lock/redis_lock.go:56.27,58.3 1 1
github.com/k1s0-platform/system-library-go-distributed-lock/redis_lock.go:59.2,59.10 1 16
github.com/k1s0-platform/system-library-go-distributed-lock/redis_lock.go:63.83,65.16 2 2
github.com/k1s0-platform/system-library-go-distributed-lock/redis_lock.go:65.16,67.3 1 1
github.com/k1s0-platform/system-library-go-distributed-lock/redis_lock.go:68.2,69.43 2 1
github.com/k1s0-platform/system-library-go-distributed-lock/redis_lock.go:72.48,74.2 1 22
github.com/k1s0-platform/system-library-go-distributed-lock/redis_lock.go:76.101,80.16 3 11
github.com/k1s0-platform/system-library-go-distributed-lock/redis_lock.go:80.16,82.3 1 0
github.com/k1s0-platform/system-library-go-distributed-lock/redis_lock.go:84.2,85.16 2 11
github.com/k1s0-platform/system-library-go-distributed-lock/redis_lock.go:85.16,87.3 1 2
github.com/k1s0-platform/system-library-go-distributed-lock/redis_lock.go:88.2,88.9 1 9
github.com/k1s0-platform/system-library-go-distributed-lock/redis_lock.go:88.9,90.3 1 1
github.com/k1s0-platform/system-library-go-distributed-lock/redis_lock.go:92.2,92.48 1 8
github.com/k1s0-platform/system-library-go-distributed-lock/redis_lock.go:95.74,99.16 3 3
github.com/k1s0-platform/system-library-go-distributed-lock/redis_lock.go:99.16,101.3 1 1
github.com/k1s0-platform/system-library-go-distributed-lock/redis_lock.go:102.2,102.17 1 2
github.com/k1s0-platform/system-library-go-distributed-lock/redis_lock.go:102.17,104.3 1 1
github.com/k1s0-platform/system-library-go-distributed-lock/redis_lock.go:105.2,105.12 1 1
github.com/k1s0-platform/system-library-go-distributed-lock/redis_lock.go:109.92,114.16 4 3
github.com/k1s0-platform/system-library-go-distributed-lock/redis_lock.go:114.16,116.3 1 1
github.com/k1s0-platform/system-library-go-distributed-lock/redis_lock.go:117.2,117.17 1 2
github.com/k1s0-platform/system-library-go-distributed-lock/redis_lock.go:117.17,119.3 1 1
github.com/k1s0-platform/system-library-go-distributed-lock/redis_lock.go:120.2,120.12 1 1
github.com/k1s0-platform/system-library-go-distributed-lock/redis_lock.go:123.77,126.16 3 3
github.com/k1s0-platform/system-library-go-distributed-lock/redis_lock.go:126.16,128.3 1 1
github.com/k1s0-platform/system-library-go-distributed-lock/redis_lock.go:129.2,129.23 1 2
github.com/k1s0-platform/system-library-go-distributed-lock/redis_lock.go:134.43,136.40 2 13
github.com/k1s0-platform/system-library-go-distributed-lock/redis_lock.go:136.40,138.3 1 0
github.com/k1s0-platform/system-library-go-distributed-lock/redis_lock.go:139.2,139.35 1 13
