mode: count
github.com/k1s0-platform/system-library-go-secret-store/secretstore.go:74.41,75.18 1 9
github.com/k1s0-platform/system-library-go-secret-store/secretstore.go:75.18,77.3 1 3
github.com/k1s0-platform/system-library-go-secret-store/secretstore.go:78.2,78.72 1 6
github.com/k1s0-platform/system-library-go-secret-store/secretstore.go:82.41,84.2 1 3
github.com/k1s0-platform/system-library-go-secret-store/secretstore.go:87.89,89.2 1 12
github.com/k1s0-platform/system-library-go-secret-store/secretstore.go:135.52,140.2 1 5
github.com/k1s0-platform/system-library-go-secret-store/secretstore.go:143.45,143.78 1 1
github.com/k1s0-platform/system-library-go-secret-store/secretstore.go:146.48,146.66 1 1
github.com/k1s0-platform/system-library-go-secret-store/secretstore.go:149.73,154.2 4 1
github.com/k1s0-platform/system-library-go-secret-store/secretstore.go:157.62,162.2 4 1
github.com/k1s0-platform/system-library-go-secret-store/secretstore.go:165.73,169.2 3 3
github.com/k1s0-platform/system-library-go-secret-store/secretstore.go:173.83,177.9 4 6
github.com/k1s0-platform/system-library-go-secret-store/secretstore.go:177.9,179.3 1 2
github.com/k1s0-platform/system-library-go-secret-store/secretstore.go:180.2,180.20 1 4
github.com/k1s0-platform/system-library-go-secret-store/secretstore.go:185.94,187.27 2 2
github.com/k1s0-platform/system-library-go-secret-store/secretstore.go:187.27,189.17 2 4
github.com/k1s0-platform/system-library-go-secret-store/secretstore.go:189.17,191.4 1 1
github.com/k1s0-platform/system-library-go-secret-store/secretstore.go:192.3,192.36 1 3
github.com/k1s0-platform/system-library-go-secret-store/secretstore.go:194.2,194.21 1 1
github.com/k1s0-platform/system-library-go-secret-store/secretstore.go:199.54,203.2 3 4
github.com/k1s0-platform/system-library-go-secret-store/secretstore.go:223.55,228.2 1 5
github.com/k1s0-platform/system-library-go-secret-store/secretstore.go:231.40,231.68 1 1
github.com/k1s0-platform/system-library-go-secret-store/secretstore.go:234.43,234.61 1 1
github.com/k1s0-platform/system-library-go-secret-store/secretstore.go:237.68,242.2 4 1
github.com/k1s0-platform/system-library-go-secret-store/secretstore.go:245.57,250.2 4 1
github.com/k1s0-platform/system-library-go-secret-store/secretstore.go:253.68,257.2 3 3
github.com/k1s0-platform/system-library-go-secret-store/secretstore.go:261.78,265.9 3 5
github.com/k1s0-platform/system-library-go-secret-store/secretstore.go:265.9,268.3 1 2
github.com/k1s0-platform/system-library-go-secret-store/secretstore.go:269.2,269.45 1 3
github.com/k1s0-platform/system-library-go-secret-store/secretstore.go:274.89,276.27 2 2
github.com/k1s0-platform/system-library-go-secret-store/secretstore.go:276.27,278.17 2 3
github.com/k1s0-platform/system-library-go-secret-store/secretstore.go:278.17,280.4 1 1
github.com/k1s0-platform/system-library-go-secret-store/secretstore.go:281.3,281.36 1 2
github.com/k1s0-platform/system-library-go-secret-store/secretstore.go:283.2,283.21 1 1
github.com/k1s0-platform/system-library-go-secret-store/secretstore.go:305.54,310.2 1 8
github.com/k1s0-platform/system-library-go-secret-store/secretstore.go:313.41,313.70 1 1
github.com/k1s0-platform/system-library-go-secret-store/secretstore.go:316.44,316.62 1 1
github.com/k1s0-platform/system-library-go-secret-store/secretstore.go:319.69,324.2 4 1
github.com/k1s0-platform/system-library-go-secret-store/secretstore.go:327.58,332.2 4 1
github.com/k1s0-platform/system-library-go-secret-store/secretstore.go:335.69,339.2 3 3
github.com/k1s0-platform/system-library-go-secret-store/secretstore.go:345.79,349.16 2 8
github.com/k1s0-platform/system-library-go-secret-store/secretstore.go:349.16,352.3 1 0
github.com/k1s0-platform/system-library-go-secret-store/secretstore.go:353.2,354.16 2 8
github.com/k1s0-platform/system-library-go-secret-store/secretstore.go:354.16,357.3 1 0
github.com/k1s0-platform/system-library-go-secret-store/secretstore.go:359.2,359.89 1 8
github.com/k1s0-platform/system-library-go-secret-store/secretstore.go:359.89,362.3 1 2
github.com/k1s0-platform/system-library-go-secret-store/secretstore.go:365.2,366.16 2 6
github.com/k1s0-platform/system-library-go-secret-store/secretstore.go:366.16,367.25 1 2
github.com/k1s0-platform/system-library-go-secret-store/secretstore.go:367.25,370.4 1 2
github.com/k1s0-platform/system-library-go-secret-store/secretstore.go:371.3,372.63 1 0
github.com/k1s0-platform/system-library-go-secret-store/secretstore.go:375.2,376.45 2 4
github.com/k1s0-platform/system-library-go-secret-store/secretstore.go:381.90,383.27 2 2
github.com/k1s0-platform/system-library-go-secret-store/secretstore.go:383.27,385.17 2 3
github.com/k1s0-platform/system-library-go-secret-store/secretstore.go:385.17,387.4 1 1
github.com/k1s0-platform/system-library-go-secret-store/secretstore.go:388.3,388.36 1 2
github.com/k1s0-platform/system-library-go-secret-store/secretstore.go:390.2,390.21 1 1
github.com/k1s0-platform/system-library-go-secret-store/secretstore.go:432.82,438.2 1 6
github.com/k1s0-platform/system-library-go-secret-store/secretstore.go:441.42,441.59 1 1
github.com/k1s0-platform/system-library-go-secret-store/secretstore.go:444.45,444.63 1 1
github.com/k1s0-platform/system-library-go-secret-store/secretstore.go:447.70,452.2 4 1
github.com/k1s0-platform/system-library-go-secret-store/secretstore.go:455.59,460.2 4 1
github.com/k1s0-platform/system-library-go-secret-store/secretstore.go:463.70,467.2 3 3
github.com/k1s0-platform/system-library-go-secret-store/secretstore.go:473.82,475.16 2 6
github.com/k1s0-platform/system-library-go-secret-store/secretstore.go:475.16,478.3 1 2
github.com/k1s0-platform/system-library-go-secret-store/secretstore.go:479.2,480.23 2 4
github.com/k1s0-platform/system-library-go-secret-store/secretstore.go:480.23,482.29 1 3
github.com/k1s0-platform/system-library-go-secret-store/secretstore.go:482.29,484.4 1 3
github.com/k1s0-platform/system-library-go-secret-store/secretstore.go:485.8,488.29 2 1
github.com/k1s0-platform/system-library-go-secret-store/secretstore.go:488.29,490.4 1 2
github.com/k1s0-platform/system-library-go-secret-store/secretstore.go:491.3,491.35 1 1
github.com/k1s0-platform/system-library-go-secret-store/secretstore.go:493.2,500.8 1 4
github.com/k1s0-platform/system-library-go-secret-store/secretstore.go:505.91,507.27 2 2
github.com/k1s0-platform/system-library-go-secret-store/secretstore.go:507.27,509.17 2 3
github.com/k1s0-platform/system-library-go-secret-store/secretstore.go:509.17,511.4 1 1
github.com/k1s0-platform/system-library-go-secret-store/secretstore.go:512.3,512.36 1 2
github.com/k1s0-platform/system-library-go-secret-store/secretstore.go:514.2,514.21 1 1
